  ModuleSceneIntro.cpp
c:\users\carlesma\documents\github\pinball\physics2_class4 - handout\modulesceneintro.cpp(158): warning C4244: 'argument': conversion from 'int' to 'float', possible loss of data
c:\users\carlesma\documents\github\pinball\physics2_class4 - handout\modulesceneintro.cpp(160): warning C4244: 'argument': conversion from 'int' to 'float', possible loss of data
c:\users\carlesma\documents\github\pinball\physics2_class4 - handout\modulesceneintro.cpp(162): warning C4244: 'argument': conversion from 'float' to 'int', possible loss of data
c:\users\carlesma\documents\github\pinball\physics2_class4 - handout\modulesceneintro.cpp(165): warning C4244: 'argument': conversion from 'float' to 'int', possible loss of data
c:\users\carlesma\documents\github\pinball\physics2_class4 - handout\modulesceneintro.cpp(173): warning C4101: 'y': unreferenced local variable
c:\users\carlesma\documents\github\pinball\physics2_class4 - handout\modulesceneintro.cpp(173): warning C4101: 'x': unreferenced local variable
c:\program files (x86)\microsoft visual studio 14.0\vc\include\limits(210): warning C4577: 'noexcept' used with no exception handling mode specified; termination on exception is not guaranteed. Specify /EHsc
  ModulePhysics.cpp
c:\users\carlesma\documents\github\pinball\physics2_class4 - handout\modulephysics.cpp(40): warning C4244: 'initializing': conversion from 'float' to 'int', possible loss of data
c:\users\carlesma\documents\github\pinball\physics2_class4 - handout\modulephysics.cpp(121): warning C4244: '=': conversion from 'float' to 'int', possible loss of data
c:\users\carlesma\documents\github\pinball\physics2_class4 - handout\modulephysics.cpp(122): warning C4244: '=': conversion from 'float' to 'int', possible loss of data
c:\users\carlesma\documents\github\pinball\physics2_class4 - handout\modulephysics.cpp(165): warning C4018: '<': signed/unsigned mismatch
c:\users\carlesma\documents\github\pinball\physics2_class4 - handout\modulephysics.cpp(374): warning C4244: 'initializing': conversion from 'int' to 'float', possible loss of data
c:\users\carlesma\documents\github\pinball\physics2_class4 - handout\modulephysics.cpp(375): warning C4244: 'initializing': conversion from 'int' to 'float', possible loss of data
c:\users\carlesma\documents\github\pinball\physics2_class4 - handout\modulephysics.cpp(381): warning C4244: 'return': conversion from 'float32' to 'int', possible loss of data
c:\program files (x86)\microsoft visual studio 14.0\vc\include\cmath(131): warning C4577: 'noexcept' used with no exception handling mode specified; termination on exception is not guaranteed. Specify /EHsc
  Application.cpp
c:\program files (x86)\microsoft visual studio 14.0\vc\include\limits(210): warning C4577: 'noexcept' used with no exception handling mode specified; termination on exception is not guaranteed. Specify /EHsc
  Generating Code...
  SDL Game.vcxproj -> C:\Users\carlesma\Documents\Github\PinBall\Physics2_class4 - handout\Debug\2D Physics - class 4.exe
  SDL Game.vcxproj -> C:\Users\carlesma\Documents\Github\PinBall\Physics2_class4 - handout\Debug\2D Physics - class 4.pdb (Full PDB)
