  log.cpp
  ModuleWindow.cpp
  ModuleTextures.cpp
  ModuleSceneIntro.cpp
c:\users\carlesma\documents\github\pinball\pinball\modulesceneintro.cpp(182): warning C4101: 'y': variable local sin referencia
c:\users\carlesma\documents\github\pinball\pinball\modulesceneintro.cpp(182): warning C4101: 'x': variable local sin referencia
c:\program files (x86)\microsoft visual studio\2017\community\vc\tools\msvc\14.11.25503\include\limits(211): warning C4577: si se usa 'noexcept' sin ningún modo de control de excepciones especificado, la finalización de la excepción no está garantizada. Especifique /EHsc
  ModuleRender.cpp
  ModulePlayer.cpp
c:\program files (x86)\microsoft visual studio\2017\community\vc\tools\msvc\14.11.25503\include\limits(211): warning C4577: si se usa 'noexcept' sin ningún modo de control de excepciones especificado, la finalización de la excepción no está garantizada. Especifique /EHsc
  ModulePhysics.cpp
c:\users\carlesma\documents\github\pinball\pinball\modulephysics.cpp(121): warning C4244: '=': conversión de 'float' a 'int'; posible pérdida de datos
c:\users\carlesma\documents\github\pinball\pinball\modulephysics.cpp(122): warning C4244: '=': conversión de 'float' a 'int'; posible pérdida de datos
c:\users\carlesma\documents\github\pinball\pinball\modulephysics.cpp(165): warning C4018: '<': no coinciden signed/unsigned
c:\users\carlesma\documents\github\pinball\pinball\modulephysics.cpp(373): warning C4244: 'inicializando': conversión de 'int' a 'float'; posible pérdida de datos
c:\users\carlesma\documents\github\pinball\pinball\modulephysics.cpp(374): warning C4244: 'inicializando': conversión de 'int' a 'float'; posible pérdida de datos
c:\users\carlesma\documents\github\pinball\pinball\modulephysics.cpp(380): warning C4244: 'return': conversión de 'float32' a 'int'; posible pérdida de datos
c:\program files (x86)\microsoft visual studio\2017\community\vc\tools\msvc\14.11.25503\include\cmath(113): warning C4577: si se usa 'noexcept' sin ningún modo de control de excepciones especificado, la finalización de la excepción no está garantizada. Especifique /EHsc
  ModuleInput.cpp
  ModuleAudio.cpp
  Main.cpp
  Application.cpp
c:\program files (x86)\microsoft visual studio\2017\community\vc\tools\msvc\14.11.25503\include\limits(211): warning C4577: si se usa 'noexcept' sin ningún modo de control de excepciones especificado, la finalización de la excepción no está garantizada. Especifique /EHsc
  Generando código...
  LINK : no se encontró C:\Users\carlesma\Documents\GitHub\PinBall\Pinball\Debug\2D Physics - class 4.exe o no lo generó el último vínculo incremental; ejecutando vínculo completo
  SDL Game.vcxproj -> C:\Users\carlesma\Documents\GitHub\PinBall\Pinball\Debug\2D Physics - class 4.exe
  SDL Game.vcxproj -> C:\Users\carlesma\Documents\GitHub\PinBall\Pinball\Debug\2D Physics - class 4.pdb (Partial PDB)
